<?xml version="1.0" encoding="UTF-8"?>
<testng-results skipped="0" failed="0" ignored="0" total="1" passed="1">
  <reporter-output>
  </reporter-output>
  <suite name="Default suite" duration-ms="92263" started-at="2017-07-15T16:22:29Z" finished-at="2017-07-15T16:24:01Z">
    <groups>
    </groups>
    <test name="Default test" duration-ms="92263" started-at="2017-07-15T16:22:29Z" finished-at="2017-07-15T16:24:01Z">
      <class name="com.project.parkingCalc.ParkingCalculator">
        <test-method status="PASS" signature="setup()[pri:0, instance:com.project.parkingCalc.ParkingCalculator@59f99ea]" name="setup" is-config="true" duration-ms="3597" started-at="2017-07-15T12:22:29Z" finished-at="2017-07-15T12:22:32Z">
          <reporter-output>
          </reporter-output>
        </test-method> <!-- setup -->
        <test-method status="PASS" signature="parkingCalac()[pri:0, instance:com.project.parkingCalc.ParkingCalculator@59f99ea]" name="parkingCalac" duration-ms="84434" started-at="2017-07-15T12:22:32Z" finished-at="2017-07-15T12:23:57Z">
          <reporter-output>
          </reporter-output>
        </test-method> <!-- parkingCalac -->
        <test-method status="PASS" signature="teardown()[pri:0, instance:com.project.parkingCalc.ParkingCalculator@59f99ea]" name="teardown" is-config="true" duration-ms="4206" started-at="2017-07-15T12:23:57Z" finished-at="2017-07-15T12:24:01Z">
          <reporter-output>
          </reporter-output>
        </test-method> <!-- teardown -->
      </class> <!-- com.project.parkingCalc.ParkingCalculator -->
    </test> <!-- Default test -->
  </suite> <!-- Default suite -->
</testng-results>
